loading data

calculating exp and centroids of nucleus

executing field segmentation

1 / 144 batches completed! Time for batch: 36.67 seconds
2 / 144 batches completed! Time for batch: 39.03 seconds
3 / 144 batches completed! Time for batch: 50.52 seconds
4 / 144 batches completed! Time for batch: 58.74 seconds
5 / 144 batches completed! Time for batch: 68.18 seconds
6 / 144 batches completed! Time for batch: 85.45 seconds
7 / 144 batches completed! Time for batch: 91.26 seconds
8 / 144 batches completed! Time for batch: 98.04 seconds
9 / 144 batches completed! Time for batch: 113.82 seconds
10 / 144 batches completed! Time for batch: 109.19 seconds
11 / 144 batches completed! Time for batch: 96.53 seconds
12 / 144 batches completed! Time for batch: 108.14 seconds
13 / 144 batches completed! Time for batch: 113.68 seconds
14 / 144 batches completed! Time for batch: 111.29 seconds
15 / 144 batches completed! Time for batch: 127.26 seconds
16 / 144 batches completed! Time for batch: 137.76 seconds
17 / 144 batches completed! Time for batch: 141.56 seconds
18 / 144 batches completed! Time for batch: 137.16 seconds
19 / 144 batches completed! Time for batch: 108.44 seconds
20 / 144 batches completed! Time for batch: 99.67 seconds
21 / 144 batches completed! Time for batch: 113.29 seconds
22 / 144 batches completed! Time for batch: 101.27 seconds
23 / 144 batches completed! Time for batch: 96.95 seconds
24 / 144 batches completed! Time for batch: 103.97 seconds
25 / 144 batches completed! Time for batch: 99.34 seconds
26 / 144 batches completed! Time for batch: 128.11 seconds
27 / 144 batches completed! Time for batch: 121.55 seconds
28 / 144 batches completed! Time for batch: 114.52 seconds
29 / 144 batches completed! Time for batch: 107.21 seconds
30 / 144 batches completed! Time for batch: 144.20 seconds
31 / 144 batches completed! Time for batch: 136.27 seconds
32 / 144 batches completed! Time for batch: 149.77 seconds
33 / 144 batches completed! Time for batch: 180.47 seconds
34 / 144 batches completed! Time for batch: 164.70 seconds
35 / 144 batches completed! Time for batch: 149.30 seconds
36 / 144 batches completed! Time for batch: 124.41 seconds
37 / 144 batches completed! Time for batch: 153.76 seconds
38 / 144 batches completed! Time for batch: 133.71 seconds
39 / 144 batches completed! Time for batch: 155.70 seconds
40 / 144 batches completed! Time for batch: 167.66 seconds
41 / 144 batches completed! Time for batch: 154.57 seconds
42 / 144 batches completed! Time for batch: 117.25 seconds
43 / 144 batches completed! Time for batch: 98.39 seconds
44 / 144 batches completed! Time for batch: 105.01 seconds
45 / 144 batches completed! Time for batch: 81.69 seconds
46 / 144 batches completed! Time for batch: 80.53 seconds
47 / 144 batches completed! Time for batch: 107.43 seconds
48 / 144 batches completed! Time for batch: 73.04 seconds
49 / 144 batches completed! Time for batch: 61.87 seconds
50 / 144 batches completed! Time for batch: 62.57 seconds
51 / 144 batches completed! Time for batch: 78.49 seconds
52 / 144 batches completed! Time for batch: 104.89 seconds
53 / 144 batches completed! Time for batch: 90.03 seconds
54 / 144 batches completed! Time for batch: 110.70 seconds
55 / 144 batches completed! Time for batch: 90.52 seconds
56 / 144 batches completed! Time for batch: 88.56 seconds
57 / 144 batches completed! Time for batch: 94.07 seconds
58 / 144 batches completed! Time for batch: 97.49 seconds
59 / 144 batches completed! Time for batch: 87.24 seconds
60 / 144 batches completed! Time for batch: 82.06 seconds
61 / 144 batches completed! Time for batch: 86.06 seconds
62 / 144 batches completed! Time for batch: 78.68 seconds
63 / 144 batches completed! Time for batch: 86.02 seconds
64 / 144 batches completed! Time for batch: 85.74 seconds
65 / 144 batches completed! Time for batch: 88.92 seconds
66 / 144 batches completed! Time for batch: 96.74 seconds
67 / 144 batches completed! Time for batch: 101.30 seconds
68 / 144 batches completed! Time for batch: 108.68 seconds
69 / 144 batches completed! Time for batch: 82.63 seconds
70 / 144 batches completed! Time for batch: 81.52 seconds
71 / 144 batches completed! Time for batch: 91.43 seconds
72 / 144 batches completed! Time for batch: 90.87 seconds
73 / 144 batches completed! Time for batch: 79.77 seconds
74 / 144 batches completed! Time for batch: 84.59 seconds
75 / 144 batches completed! Time for batch: 89.57 seconds
76 / 144 batches completed! Time for batch: 88.81 seconds
77 / 144 batches completed! Time for batch: 84.15 seconds
78 / 144 batches completed! Time for batch: 81.41 seconds
79 / 144 batches completed! Time for batch: 84.29 seconds
80 / 144 batches completed! Time for batch: 91.49 seconds
81 / 144 batches completed! Time for batch: 76.35 seconds
82 / 144 batches completed! Time for batch: 79.30 seconds
83 / 144 batches completed! Time for batch: 91.95 seconds
84 / 144 batches completed! Time for batch: 89.52 seconds
85 / 144 batches completed! Time for batch: 86.79 seconds
86 / 144 batches completed! Time for batch: 93.02 seconds
87 / 144 batches completed! Time for batch: 107.17 seconds
88 / 144 batches completed! Time for batch: 104.92 seconds
89 / 144 batches completed! Time for batch: 108.68 seconds
90 / 144 batches completed! Time for batch: 105.29 seconds
91 / 144 batches completed! Time for batch: 106.51 seconds
92 / 144 batches completed! Time for batch: 107.63 seconds
93 / 144 batches completed! Time for batch: 109.65 seconds
94 / 144 batches completed! Time for batch: 112.19 seconds
95 / 144 batches completed! Time for batch: 100.41 seconds
96 / 144 batches completed! Time for batch: 92.36 seconds
97 / 144 batches completed! Time for batch: 93.87 seconds
98 / 144 batches completed! Time for batch: 95.21 seconds
99 / 144 batches completed! Time for batch: 97.01 seconds
100 / 144 batches completed! Time for batch: 87.39 seconds
101 / 144 batches completed! Time for batch: 98.84 seconds
102 / 144 batches completed! Time for batch: 83.29 seconds
103 / 144 batches completed! Time for batch: 96.68 seconds
104 / 144 batches completed! Time for batch: 83.22 seconds
105 / 144 batches completed! Time for batch: 87.48 seconds
106 / 144 batches completed! Time for batch: 102.96 seconds
107 / 144 batches completed! Time for batch: 85.66 seconds
108 / 144 batches completed! Time for batch: 82.52 seconds
109 / 144 batches completed! Time for batch: 96.28 seconds
110 / 144 batches completed! Time for batch: 71.36 seconds
111 / 144 batches completed! Time for batch: 64.67 seconds
112 / 144 batches completed! Time for batch: 60.81 seconds
113 / 144 batches completed! Time for batch: 57.35 seconds
114 / 144 batches completed! Time for batch: 65.99 seconds
115 / 144 batches completed! Time for batch: 64.29 seconds
116 / 144 batches completed! Time for batch: 60.60 seconds
117 / 144 batches completed! Time for batch: 71.01 seconds
118 / 144 batches completed! Time for batch: 61.36 seconds
119 / 144 batches completed! Time for batch: 56.66 seconds
120 / 144 batches completed! Time for batch: 54.80 seconds
121 / 144 batches completed! Time for batch: 58.73 seconds
122 / 144 batches completed! Time for batch: 58.22 seconds
123 / 144 batches completed! Time for batch: 60.28 seconds
124 / 144 batches completed! Time for batch: 70.31 seconds
125 / 144 batches completed! Time for batch: 67.72 seconds
126 / 144 batches completed! Time for batch: 73.92 seconds
127 / 144 batches completed! Time for batch: 89.90 seconds
128 / 144 batches completed! Time for batch: 64.76 seconds
129 / 144 batches completed! Time for batch: 62.77 seconds
130 / 144 batches completed! Time for batch: 59.10 seconds
131 / 144 batches completed! Time for batch: 56.25 seconds
132 / 144 batches completed! Time for batch: 52.78 seconds
133 / 144 batches completed! Time for batch: 51.25 seconds
134 / 144 batches completed! Time for batch: 53.44 seconds
135 / 144 batches completed! Time for batch: 50.98 seconds
136 / 144 batches completed! Time for batch: 54.72 seconds
137 / 144 batches completed! Time for batch: 50.39 seconds
138 / 144 batches completed! Time for batch: 55.50 seconds
139 / 144 batches completed! Time for batch: 49.77 seconds
140 / 144 batches completed! Time for batch: 54.53 seconds
141 / 144 batches completed! Time for batch: 52.37 seconds
142 / 144 batches completed! Time for batch: 44.52 seconds
143 / 144 batches completed! Time for batch: 43.31 seconds
144 / 144 batches completed! Time for batch: 52.30 seconds
drawing figures

Average size: 462.74439461883406
Std: 210.4344004863311
./seg.sh: 3: Syntax error: Unterminated quoted string
