第一个脚本已完成运行
2023-11-22 15:41:03.883797: I tensorflow/stream_executor/cuda/cuda_gpu_executor.cc:936] successful NUMA node read from SysFS had negative value (-1), but there must be at least one NUMA node, so returning NUMA node zero
2023-11-22 15:41:03.917490: I tensorflow/stream_executor/cuda/cuda_gpu_executor.cc:936] successful NUMA node read from SysFS had negative value (-1), but there must be at least one NUMA node, so returning NUMA node zero
2023-11-22 15:41:03.917724: I tensorflow/stream_executor/cuda/cuda_gpu_executor.cc:936] successful NUMA node read from SysFS had negative value (-1), but there must be at least one NUMA node, so returning NUMA node zero
2023-11-22 15:41:03.918032: I tensorflow/core/platform/cpu_feature_guard.cc:151] This TensorFlow binary is optimized with oneAPI Deep Neural Network Library (oneDNN) to use the following CPU instructions in performance-critical operations:  AVX2 FMA
To enable them in other operations, rebuild TensorFlow with the appropriate compiler flags.
2023-11-22 15:41:03.952356: I tensorflow/stream_executor/cuda/cuda_gpu_executor.cc:936] successful NUMA node read from SysFS had negative value (-1), but there must be at least one NUMA node, so returning NUMA node zero
2023-11-22 15:41:03.952580: I tensorflow/stream_executor/cuda/cuda_gpu_executor.cc:936] successful NUMA node read from SysFS had negative value (-1), but there must be at least one NUMA node, so returning NUMA node zero
2023-11-22 15:41:03.952780: I tensorflow/stream_executor/cuda/cuda_gpu_executor.cc:936] successful NUMA node read from SysFS had negative value (-1), but there must be at least one NUMA node, so returning NUMA node zero
2023-11-22 15:41:04.357517: I tensorflow/stream_executor/cuda/cuda_gpu_executor.cc:936] successful NUMA node read from SysFS had negative value (-1), but there must be at least one NUMA node, so returning NUMA node zero
2023-11-22 15:41:04.357770: I tensorflow/stream_executor/cuda/cuda_gpu_executor.cc:936] successful NUMA node read from SysFS had negative value (-1), but there must be at least one NUMA node, so returning NUMA node zero
2023-11-22 15:41:04.357962: I tensorflow/stream_executor/cuda/cuda_gpu_executor.cc:936] successful NUMA node read from SysFS had negative value (-1), but there must be at least one NUMA node, so returning NUMA node zero
2023-11-22 15:41:04.358131: I tensorflow/core/common_runtime/gpu/gpu_device.cc:1525] Created device /job:localhost/replica:0/task:0/device:GPU:0 with 14755 MB memory:  -> device: 0, name: NVIDIA GeForce RTX 4090, pci bus id: 0000:41:00.0, compute capability: 8.9
results folder exists.
Epoch 1/30
2023-11-22 15:41:27.776576: I tensorflow/stream_executor/cuda/cuda_blas.cc:1786] TensorFloat-32 will be used for the matrix multiplication. This will only be logged once.
2515/2515 - 28s - loss: 0.0088 - accuracy: 0.9985 - val_loss: 0.0051 - val_accuracy: 0.9994 - 28s/epoch - 11ms/step
Epoch 2/30
2515/2515 - 23s - loss: 2.2973e-05 - accuracy: 1.0000 - val_loss: 0.0057 - val_accuracy: 0.9992 - 23s/epoch - 9ms/step
Epoch 3/30
2515/2515 - 21s - loss: 0.0068 - accuracy: 0.9992 - val_loss: 0.0235 - val_accuracy: 0.9944 - 21s/epoch - 8ms/step
Epoch 4/30
2515/2515 - 23s - loss: 0.0092 - accuracy: 0.9984 - val_loss: 0.0125 - val_accuracy: 0.9976 - 23s/epoch - 9ms/step
Epoch 5/30
2515/2515 - 24s - loss: 0.0044 - accuracy: 0.9994 - val_loss: 0.0448 - val_accuracy: 0.9943 - 24s/epoch - 9ms/step
Epoch 6/30
2515/2515 - 24s - loss: 0.0056 - accuracy: 0.9989 - val_loss: 0.0080 - val_accuracy: 0.9975 - 24s/epoch - 10ms/step
Epoch 7/30
2515/2515 - 24s - loss: 9.0803e-04 - accuracy: 0.9998 - val_loss: 0.0555 - val_accuracy: 0.9925 - 24s/epoch - 10ms/step
Epoch 8/30
2515/2515 - 24s - loss: 0.0085 - accuracy: 0.9990 - val_loss: 0.0525 - val_accuracy: 0.9924 - 24s/epoch - 9ms/step
Epoch 9/30
2515/2515 - 24s - loss: 0.0034 - accuracy: 0.9996 - val_loss: 0.0189 - val_accuracy: 0.9968 - 24s/epoch - 9ms/step
Epoch 10/30
2515/2515 - 22s - loss: 0.0022 - accuracy: 0.9996 - val_loss: 0.0374 - val_accuracy: 0.9963 - 22s/epoch - 9ms/step
Epoch 11/30
2515/2515 - 21s - loss: 0.0034 - accuracy: 0.9994 - val_loss: 0.0038 - val_accuracy: 0.9989 - 21s/epoch - 8ms/step
Epoch 12/30
2515/2515 - 21s - loss: 0.0157 - accuracy: 0.9975 - val_loss: 0.0307 - val_accuracy: 0.9959 - 21s/epoch - 8ms/step
Epoch 13/30
2515/2515 - 21s - loss: 0.0039 - accuracy: 0.9993 - val_loss: 0.0020 - val_accuracy: 0.9992 - 21s/epoch - 8ms/step
Epoch 14/30
2515/2515 - 21s - loss: 0.0026 - accuracy: 0.9994 - val_loss: 0.0041 - val_accuracy: 0.9992 - 21s/epoch - 8ms/step
Epoch 15/30
2515/2515 - 21s - loss: 0.0017 - accuracy: 0.9998 - val_loss: 0.0033 - val_accuracy: 0.9995 - 21s/epoch - 8ms/step
Epoch 16/30
2515/2515 - 21s - loss: 0.0062 - accuracy: 0.9985 - val_loss: 0.0082 - val_accuracy: 0.9986 - 21s/epoch - 8ms/step
Epoch 17/30
2515/2515 - 21s - loss: 0.0017 - accuracy: 0.9996 - val_loss: 0.0040 - val_accuracy: 0.9995 - 21s/epoch - 8ms/step
Epoch 18/30
2515/2515 - 21s - loss: 0.0020 - accuracy: 0.9997 - val_loss: 0.0216 - val_accuracy: 0.9968 - 21s/epoch - 8ms/step
Epoch 19/30
2515/2515 - 21s - loss: 0.0034 - accuracy: 0.9996 - val_loss: 0.0158 - val_accuracy: 0.9968 - 21s/epoch - 8ms/step
Epoch 20/30
2515/2515 - 21s - loss: 0.0034 - accuracy: 0.9994 - val_loss: 0.0053 - val_accuracy: 0.9989 - 21s/epoch - 8ms/step
Epoch 21/30
2515/2515 - 21s - loss: 0.0043 - accuracy: 0.9990 - val_loss: 0.0116 - val_accuracy: 0.9989 - 21s/epoch - 8ms/step
Epoch 22/30
2515/2515 - 21s - loss: 0.0021 - accuracy: 0.9997 - val_loss: 0.0234 - val_accuracy: 0.9975 - 21s/epoch - 8ms/step
Epoch 23/30
2515/2515 - 21s - loss: 0.0021 - accuracy: 0.9997 - val_loss: 0.0285 - val_accuracy: 0.9963 - 21s/epoch - 8ms/step
Epoch 24/30
2515/2515 - 21s - loss: 0.0020 - accuracy: 0.9997 - val_loss: 0.0111 - val_accuracy: 0.9986 - 21s/epoch - 8ms/step
Epoch 25/30
2515/2515 - 21s - loss: 0.0026 - accuracy: 0.9994 - val_loss: 0.0208 - val_accuracy: 0.9944 - 21s/epoch - 8ms/step
Epoch 26/30
2515/2515 - 21s - loss: 2.8867e-05 - accuracy: 1.0000 - val_loss: 0.0058 - val_accuracy: 0.9983 - 21s/epoch - 8ms/step
Epoch 27/30
2515/2515 - 21s - loss: 0.0025 - accuracy: 0.9996 - val_loss: 3.0968e-04 - val_accuracy: 0.9998 - 21s/epoch - 8ms/step
Epoch 28/30
2515/2515 - 21s - loss: 0.0089 - accuracy: 0.9989 - val_loss: 0.0577 - val_accuracy: 0.9911 - 21s/epoch - 9ms/step
Epoch 29/30
2515/2515 - 24s - loss: 0.0044 - accuracy: 0.9991 - val_loss: 0.0373 - val_accuracy: 0.9949 - 24s/epoch - 10ms/step
Epoch 30/30
2515/2515 - 23s - loss: 6.3443e-04 - accuracy: 0.9999 - val_loss: 0.0033 - val_accuracy: 0.9994 - 23s/epoch - 9ms/step
Inference on all the spots...
144.0 in total
Batch 0 processing...
2023-11-22 15:57:30.431490: W tensorflow/core/common_runtime/bfc_allocator.cc:462] Allocator (GPU_0_bfc) ran out of memory trying to allocate 3.72GiB (rounded to 4000000000)requested by op _EagerConst
If the cause is memory fragmentation maybe the environment variable 'TF_GPU_ALLOCATOR=cuda_malloc_async' will improve the situation. 
Current allocation summary follows.
Current allocation summary follows.
2023-11-22 15:57:30.431577: I tensorflow/core/common_runtime/bfc_allocator.cc:1010] BFCAllocator dump for GPU_0_bfc
2023-11-22 15:57:30.431595: I tensorflow/core/common_runtime/bfc_allocator.cc:1017] Bin (256): 	Total Chunks: 142, Chunks in use: 142. 35.5KiB allocated for chunks. 35.5KiB in use in bin. 18.3KiB client-requested in use in bin.
2023-11-22 15:57:30.431606: I tensorflow/core/common_runtime/bfc_allocator.cc:1017] Bin (512): 	Total Chunks: 9, Chunks in use: 9. 4.5KiB allocated for chunks. 4.5KiB in use in bin. 4.5KiB client-requested in use in bin.
2023-11-22 15:57:30.431616: I tensorflow/core/common_runtime/bfc_allocator.cc:1017] Bin (1024): 	Total Chunks: 7, Chunks in use: 7. 8.8KiB allocated for chunks. 8.8KiB in use in bin. 7.0KiB client-requested in use in bin.
2023-11-22 15:57:30.431626: I tensorflow/core/common_runtime/bfc_allocator.cc:1017] Bin (2048): 	Total Chunks: 0, Chunks in use: 0. 0B allocated for chunks. 0B in use in bin. 0B client-requested in use in bin.
2023-11-22 15:57:30.431637: I tensorflow/core/common_runtime/bfc_allocator.cc:1017] Bin (4096): 	Total Chunks: 4, Chunks in use: 3. 19.8KiB allocated for chunks. 13.5KiB in use in bin. 12.0KiB client-requested in use in bin.
2023-11-22 15:57:30.431659: I tensorflow/core/common_runtime/bfc_allocator.cc:1017] Bin (8192): 	Total Chunks: 1, Chunks in use: 0. 9.8KiB allocated for chunks. 0B in use in bin. 0B client-requested in use in bin.
2023-11-22 15:57:30.431671: I tensorflow/core/common_runtime/bfc_allocator.cc:1017] Bin (16384): 	Total Chunks: 26, Chunks in use: 24. 420.0KiB allocated for chunks. 387.2KiB in use in bin. 384.0KiB client-requested in use in bin.
2023-11-22 15:57:30.431682: I tensorflow/core/common_runtime/bfc_allocator.cc:1017] Bin (32768): 	Total Chunks: 15, Chunks in use: 13. 561.8KiB allocated for chunks. 474.8KiB in use in bin. 433.1KiB client-requested in use in bin.
2023-11-22 15:57:30.431693: I tensorflow/core/common_runtime/bfc_allocator.cc:1017] Bin (65536): 	Total Chunks: 1, Chunks in use: 0. 100.8KiB allocated for chunks. 0B in use in bin. 0B client-requested in use in bin.
2023-11-22 15:57:30.431704: I tensorflow/core/common_runtime/bfc_allocator.cc:1017] Bin (131072): 	Total Chunks: 1, Chunks in use: 1. 196.5KiB allocated for chunks. 196.5KiB in use in bin. 196.5KiB client-requested in use in bin.
2023-11-22 15:57:30.431714: I tensorflow/core/common_runtime/bfc_allocator.cc:1017] Bin (262144): 	Total Chunks: 4, Chunks in use: 4. 1.67MiB allocated for chunks. 1.67MiB in use in bin. 1.24MiB client-requested in use in bin.
2023-11-22 15:57:30.431725: I tensorflow/core/common_runtime/bfc_allocator.cc:1017] Bin (524288): 	Total Chunks: 2, Chunks in use: 2. 1.47MiB allocated for chunks. 1.47MiB in use in bin. 1000.0KiB client-requested in use in bin.
2023-11-22 15:57:30.431736: I tensorflow/core/common_runtime/bfc_allocator.cc:1017] Bin (1048576): 	Total Chunks: 5, Chunks in use: 4. 6.42MiB allocated for chunks. 5.17MiB in use in bin. 4.20MiB client-requested in use in bin.
2023-11-22 15:57:30.431746: I tensorflow/core/common_runtime/bfc_allocator.cc:1017] Bin (2097152): 	Total Chunks: 0, Chunks in use: 0. 0B allocated for chunks. 0B in use in bin. 0B client-requested in use in bin.
2023-11-22 15:57:30.431757: I tensorflow/core/common_runtime/bfc_allocator.cc:1017] Bin (4194304): 	Total Chunks: 2, Chunks in use: 1. 10.84MiB allocated for chunks. 4.80MiB in use in bin. 4.80MiB client-requested in use in bin.
2023-11-22 15:57:30.431767: I tensorflow/core/common_runtime/bfc_allocator.cc:1017] Bin (8388608): 	Total Chunks: 0, Chunks in use: 0. 0B allocated for chunks. 0B in use in bin. 0B client-requested in use in bin.
2023-11-22 15:57:30.431777: I tensorflow/core/common_runtime/bfc_allocator.cc:1017] Bin (16777216): 	Total Chunks: 0, Chunks in use: 0. 0B allocated for chunks. 0B in use in bin. 0B client-requested in use in bin.
2023-11-22 15:57:30.431787: I tensorflow/core/common_runtime/bfc_allocator.cc:1017] Bin (33554432): 	Total Chunks: 0, Chunks in use: 0. 0B allocated for chunks. 0B in use in bin. 0B client-requested in use in bin.
2023-11-22 15:57:30.431796: I tensorflow/core/common_runtime/bfc_allocator.cc:1017] Bin (67108864): 	Total Chunks: 0, Chunks in use: 0. 0B allocated for chunks. 0B in use in bin. 0B client-requested in use in bin.
2023-11-22 15:57:30.431806: I tensorflow/core/common_runtime/bfc_allocator.cc:1017] Bin (134217728): 	Total Chunks: 0, Chunks in use: 0. 0B allocated for chunks. 0B in use in bin. 0B client-requested in use in bin.
2023-11-22 15:57:30.431817: I tensorflow/core/common_runtime/bfc_allocator.cc:1017] Bin (268435456): 	Total Chunks: 3, Chunks in use: 2. 14.39GiB allocated for chunks. 11.71GiB in use in bin. 11.71GiB client-requested in use in bin.
2023-11-22 15:57:30.431828: I tensorflow/core/common_runtime/bfc_allocator.cc:1033] Bin for 3.72GiB was 256.00MiB, Chunk State: 
2023-11-22 15:57:30.431843: I tensorflow/core/common_runtime/bfc_allocator.cc:1039]   Size: 2.68GiB | Requested Size: 1.00MiB | in_use: 0 | bin_num: 20, prev:   Size: 2.34GiB | Requested Size: 2.34GiB | in_use: 1 | bin_num: -1
2023-11-22 15:57:30.431852: I tensorflow/core/common_runtime/bfc_allocator.cc:1046] Next region of size 15472328704
2023-11-22 15:57:30.431868: I tensorflow/core/common_runtime/bfc_allocator.cc:1066] InUse at 7f384c000000 of size 1280 next 1
2023-11-22 15:57:30.431878: I tensorflow/core/common_runtime/bfc_allocator.cc:1066] InUse at 7f384c000500 of size 256 next 2
2023-11-22 15:57:30.431887: I tensorflow/core/common_runtime/bfc_allocator.cc:1066] InUse at 7f384c000600 of size 256 next 3
2023-11-22 15:57:30.431896: I tensorflow/core/common_runtime/bfc_allocator.cc:1066] InUse at 7f384c000700 of size 256 next 4
2023-11-22 15:57:30.431905: I tensorflow/core/common_runtime/bfc_allocator.cc:1066] InUse at 7f384c000800 of size 256 next 5
2023-11-22 15:57:30.431913: I tensorflow/core/common_runtime/bfc_allocator.cc:1066] InUse at 7f384c000900 of size 256 next 8
2023-11-22 15:57:30.431922: I tensorflow/core/common_runtime/bfc_allocator.cc:1066] InUse at 7f384c000a00 of size 256 next 9
2023-11-22 15:57:30.431931: I tensorflow/core/common_runtime/bfc_allocator.cc:1066] InUse at 7f384c000b00 of size 256 next 10
2023-11-22 15:57:30.431939: I tensorflow/core/common_runtime/bfc_allocator.cc:1066] InUse at 7f384c000c00 of size 256 next 11
2023-11-22 15:57:30.431947: I tensorflow/core/common_runtime/bfc_allocator.cc:1066] InUse at 7f384c000d00 of size 256 next 14
2023-11-22 15:57:30.431956: I tensorflow/core/common_runtime/bfc_allocator.cc:1066] InUse at 7f384c000e00 of size 256 next 75
2023-11-22 15:57:30.431964: I tensorflow/core/common_runtime/bfc_allocator.cc:1066] InUse at 7f384c000f00 of size 256 next 221
2023-11-22 15:57:30.431973: I tensorflow/core/common_runtime/bfc_allocator.cc:1066] InUse at 7f384c001000 of size 256 next 202
2023-11-22 15:57:30.431981: I tensorflow/core/common_runtime/bfc_allocator.cc:1066] InUse at 7f384c001100 of size 256 next 13
2023-11-22 15:57:30.431989: I tensorflow/core/common_runtime/bfc_allocator.cc:1066] InUse at 7f384c001200 of size 256 next 16
2023-11-22 15:57:30.431998: I tensorflow/core/common_runtime/bfc_allocator.cc:1066] InUse at 7f384c001300 of size 256 next 318
2023-11-22 15:57:30.432006: I tensorflow/core/common_runtime/bfc_allocator.cc:1066] InUse at 7f384c001400 of size 256 next 18
2023-11-22 15:57:30.432014: I tensorflow/core/common_runtime/bfc_allocator.cc:1066] InUse at 7f384c001500 of size 256 next 19
2023-11-22 15:57:30.432023: I tensorflow/core/common_runtime/bfc_allocator.cc:1066] InUse at 7f384c001600 of size 256 next 20
2023-11-22 15:57:30.432031: I tensorflow/core/common_runtime/bfc_allocator.cc:1066] InUse at 7f384c001700 of size 256 next 94
2023-11-22 15:57:30.432039: I tensorflow/core/common_runtime/bfc_allocator.cc:1066] InUse at 7f384c001800 of size 256 next 136
2023-11-22 15:57:30.432048: I tensorflow/core/common_runtime/bfc_allocator.cc:1066] InUse at 7f384c001900 of size 256 next 25
2023-11-22 15:57:30.432057: I tensorflow/core/common_runtime/bfc_allocator.cc:1066] InUse at 7f384c001a00 of size 256 next 29
2023-11-22 15:57:30.432066: I tensorflow/core/common_runtime/bfc_allocator.cc:1066] InUse at 7f384c001b00 of size 256 next 30
2023-11-22 15:57:30.432076: I tensorflow/core/common_runtime/bfc_allocator.cc:1066] InUse at 7f384c001c00 of size 512 next 288
2023-11-22 15:57:30.432085: I tensorflow/core/common_runtime/bfc_allocator.cc:1066] InUse at 7f384c001e00 of size 256 next 34
2023-11-22 15:57:30.432093: I tensorflow/core/common_runtime/bfc_allocator.cc:1066] InUse at 7f384c001f00 of size 256 next 35
2023-11-22 15:57:30.432102: I tensorflow/core/common_runtime/bfc_allocator.cc:1066] InUse at 7f384c002000 of size 256 next 36
2023-11-22 15:57:30.432110: I tensorflow/core/common_runtime/bfc_allocator.cc:1066] InUse at 7f384c002100 of size 256 next 216
2023-11-22 15:57:30.432119: I tensorflow/core/common_runtime/bfc_allocator.cc:1066] InUse at 7f384c002200 of size 512 next 268
2023-11-22 15:57:30.432132: I tensorflow/core/common_runtime/bfc_allocator.cc:1066] InUse at 7f384c002400 of size 256 next 336
2023-11-22 15:57:30.432142: I tensorflow/core/common_runtime/bfc_allocator.cc:1066] InUse at 7f384c002500 of size 1024 next 264
2023-11-22 15:57:30.432155: I tensorflow/core/common_runtime/bfc_allocator.cc:1066] InUse at 7f384c002900 of size 256 next 295
2023-11-22 15:57:30.432164: I tensorflow/core/common_runtime/bfc_allocator.cc:1066] InUse at 7f384c002a00 of size 256 next 209
2023-11-22 15:57:30.432172: I tensorflow/core/common_runtime/bfc_allocator.cc:1066] InUse at 7f384c002b00 of size 256 next 299
2023-11-22 15:57:30.432182: I tensorflow/core/common_runtime/bfc_allocator.cc:1066] InUse at 7f384c002c00 of size 256 next 351
2023-11-22 15:57:30.432190: I tensorflow/core/common_runtime/bfc_allocator.cc:1066] InUse at 7f384c002d00 of size 256 next 277
2023-11-22 15:57:30.432199: I tensorflow/core/common_runtime/bfc_allocator.cc:1066] InUse at 7f384c002e00 of size 256 next 59
2023-11-22 15:57:30.432207: I tensorflow/core/common_runtime/bfc_allocator.cc:1066] InUse at 7f384c002f00 of size 512 next 60
2023-11-22 15:57:30.432215: I tensorflow/core/common_runtime/bfc_allocator.cc:1066] InUse at 7f384c003100 of size 256 next 61
2023-11-22 15:57:30.432224: I tensorflow/core/common_runtime/bfc_allocator.cc:1066] InUse at 7f384c003200 of size 256 next 62
2023-11-22 15:57:30.432232: I tensorflow/core/common_runtime/bfc_allocator.cc:1066] InUse at 7f384c003300 of size 1792 next 215
2023-11-22 15:57:30.432241: I tensorflow/core/common_runtime/bfc_allocator.cc:1066] InUse at 7f384c003a00 of size 512 next 337
2023-11-22 15:57:30.432249: I tensorflow/core/common_runtime/bfc_allocator.cc:1066] InUse at 7f384c003c00 of size 256 next 175
2023-11-22 15:57:30.432257: I tensorflow/core/common_runtime/bfc_allocator.cc:1066] InUse at 7f384c003d00 of size 256 next 143
2023-11-22 15:57:30.432266: I tensorflow/core/common_runtime/bfc_allocator.cc:1066] InUse at 7f384c003e00 of size 256 next 147
2023-11-22 15:57:30.432274: I tensorflow/core/common_runtime/bfc_allocator.cc:1066] InUse at 7f384c003f00 of size 256 next 141
2023-11-22 15:57:30.432283: I tensorflow/core/common_runtime/bfc_allocator.cc:1066] InUse at 7f384c004000 of size 256 next 281
2023-11-22 15:57:30.432291: I tensorflow/core/common_runtime/bfc_allocator.cc:1066] InUse at 7f384c004100 of size 256 next 145
2023-11-22 15:57:30.432299: I tensorflow/core/common_runtime/bfc_allocator.cc:1066] InUse at 7f384c004200 of size 256 next 63
2023-11-22 15:57:30.432308: I tensorflow/core/common_runtime/bfc_allocator.cc:1066] InUse at 7f384c004300 of size 256 next 65
2023-11-22 15:57:30.432316: I tensorflow/core/common_runtime/bfc_allocator.cc:1066] InUse at 7f384c004400 of size 256 next 66
2023-11-22 15:57:30.432324: I tensorflow/core/common_runtime/bfc_allocator.cc:1066] InUse at 7f384c004500 of size 512 next 263
2023-11-22 15:57:30.432333: I tensorflow/core/common_runtime/bfc_allocator.cc:1066] InUse at 7f384c004700 of size 256 next 76
2023-11-22 15:57:30.432341: I tensorflow/core/common_runtime/bfc_allocator.cc:1066] InUse at 7f384c004800 of size 256 next 67
2023-11-22 15:57:30.432350: I tensorflow/core/common_runtime/bfc_allocator.cc:1066] InUse at 7f384c004900 of size 256 next 70
2023-11-22 15:57:30.432359: I tensorflow/core/common_runtime/bfc_allocator.cc:1066] InUse at 7f384c004a00 of size 256 next 71
2023-11-22 15:57:30.432367: I tensorflow/core/common_runtime/bfc_allocator.cc:1066] InUse at 7f384c004b00 of size 256 next 72
2023-11-22 15:57:30.432376: I tensorflow/core/common_runtime/bfc_allocator.cc:1066] InUse at 7f384c004c00 of size 256 next 73
2023-11-22 15:57:30.432384: I tensorflow/core/common_runtime/bfc_allocator.cc:1066] InUse at 7f384c004d00 of size 256 next 168
2023-11-22 15:57:30.432392: I tensorflow/core/common_runtime/bfc_allocator.cc:1066] InUse at 7f384c004e00 of size 256 next 173
2023-11-22 15:57:30.432401: I tensorflow/core/common_runtime/bfc_allocator.cc:1066] InUse at 7f384c004f00 of size 256 next 315
2023-11-22 15:57:30.432409: I tensorflow/core/common_runtime/bfc_allocator.cc:1066] InUse at 7f384c005000 of size 256 next 78
2023-11-22 15:57:30.432418: I tensorflow/core/common_runtime/bfc_allocator.cc:1066] InUse at 7f384c005100 of size 256 next 79
2023-11-22 15:57:30.432426: I tensorflow/core/common_runtime/bfc_allocator.cc:1066] InUse at 7f384c005200 of size 256 next 83
2023-11-22 15:57:30.432439: I tensorflow/core/common_runtime/bfc_allocator.cc:1066] InUse at 7f384c005300 of size 256 next 74
2023-11-22 15:57:30.432448: I tensorflow/core/common_runtime/bfc_allocator.cc:1066] InUse at 7f384c005400 of size 16384 next 330
2023-11-22 15:57:30.432456: I tensorflow/core/common_runtime/bfc_allocator.cc:1066] InUse at 7f384c009400 of size 17408 next 24
2023-11-22 15:57:30.432465: I tensorflow/core/common_runtime/bfc_allocator.cc:1066] InUse at 7f384c00d800 of size 256 next 84
2023-11-22 15:57:30.432473: I tensorflow/core/common_runtime/bfc_allocator.cc:1066] InUse at 7f384c00d900 of size 256 next 85
2023-11-22 15:57:30.432482: I tensorflow/core/common_runtime/bfc_allocator.cc:1066] InUse at 7f384c00da00 of size 256 next 86
2023-11-22 15:57:30.432490: I tensorflow/core/common_runtime/bfc_allocator.cc:1066] InUse at 7f384c00db00 of size 256 next 87
2023-11-22 15:57:30.432499: I tensorflow/core/common_runtime/bfc_allocator.cc:1066] InUse at 7f384c00dc00 of size 256 next 88
2023-11-22 15:57:30.432507: I tensorflow/core/common_runtime/bfc_allocator.cc:1066] InUse at 7f384c00dd00 of size 256 next 89
2023-11-22 15:57:30.432515: I tensorflow/core/common_runtime/bfc_allocator.cc:1066] InUse at 7f384c00de00 of size 256 next 90
2023-11-22 15:57:30.432524: I tensorflow/core/common_runtime/bfc_allocator.cc:1066] InUse at 7f384c00df00 of size 1280 next 95
2023-11-22 15:57:30.432532: I tensorflow/core/common_runtime/bfc_allocator.cc:1066] InUse at 7f384c00e400 of size 256 next 96
2023-11-22 15:57:30.432540: I tensorflow/core/common_runtime/bfc_allocator.cc:1066] InUse at 7f384c00e500 of size 256 next 97
2023-11-22 15:57:30.432549: I tensorflow/core/common_runtime/bfc_allocator.cc:1066] InUse at 7f384c00e600 of size 256 next 98
2023-11-22 15:57:30.432557: I tensorflow/core/common_runtime/bfc_allocator.cc:1066] InUse at 7f384c00e700 of size 256 next 99
2023-11-22 15:57:30.432565: I tensorflow/core/common_runtime/bfc_allocator.cc:1066] InUse at 7f384c00e800 of size 256 next 101
2023-11-22 15:57:30.432574: I tensorflow/core/common_runtime/bfc_allocator.cc:1066] InUse at 7f384c00e900 of size 256 next 103
2023-11-22 15:57:30.432582: I tensorflow/core/common_runtime/bfc_allocator.cc:1066] InUse at 7f384c00ea00 of size 256 next 105
2023-11-22 15:57:30.432590: I tensorflow/core/common_runtime/bfc_allocator.cc:1066] InUse at 7f384c00eb00 of size 256 next 106
2023-11-22 15:57:30.432599: I tensorflow/core/common_runtime/bfc_allocator.cc:1066] InUse at 7f384c00ec00 of size 256 next 107
2023-11-22 15:57:30.432607: I tensorflow/core/common_runtime/bfc_allocator.cc:1066] InUse at 7f384c00ed00 of size 512 next 109
2023-11-22 15:57:30.432615: I tensorflow/core/common_runtime/bfc_allocator.cc:1066] InUse at 7f384c00ef00 of size 256 next 111
2023-11-22 15:57:30.432624: I tensorflow/core/common_runtime/bfc_allocator.cc:1066] InUse at 7f384c00f000 of size 256 next 112
2023-11-22 15:57:30.432632: I tensorflow/core/common_runtime/bfc_allocator.cc:1066] InUse at 7f384c00f100 of size 256 next 113
2023-11-22 15:57:30.432640: I tensorflow/core/common_runtime/bfc_allocator.cc:1066] InUse at 7f384c00f200 of size 256 next 114
2023-11-22 15:57:30.432649: I tensorflow/core/common_runtime/bfc_allocator.cc:1066] InUse at 7f384c00f300 of size 256 next 116
2023-11-22 15:57:30.432657: I tensorflow/core/common_runtime/bfc_allocator.cc:1066] InUse at 7f384c00f400 of size 256 next 118
2023-11-22 15:57:30.432666: I tensorflow/core/common_runtime/bfc_allocator.cc:1066] InUse at 7f384c00f500 of size 256 next 120
2023-11-22 15:57:30.432674: I tensorflow/core/common_runtime/bfc_allocator.cc:1066] InUse at 7f384c00f600 of size 256 next 121
2023-11-22 15:57:30.432682: I tensorflow/core/common_runtime/bfc_allocator.cc:1066] InUse at 7f384c00f700 of size 256 next 122
2023-11-22 15:57:30.432690: I tensorflow/core/common_runtime/bfc_allocator.cc:1066] InUse at 7f384c00f800 of size 512 next 124
2023-11-22 15:57:30.432699: I tensorflow/core/common_runtime/bfc_allocator.cc:1066] InUse at 7f384c00fa00 of size 256 next 126
2023-11-22 15:57:30.432712: I tensorflow/core/common_runtime/bfc_allocator.cc:1066] InUse at 7f384c00fb00 of size 256 next 127
2023-11-22 15:57:30.432720: I tensorflow/core/common_runtime/bfc_allocator.cc:1066] InUse at 7f384c00fc00 of size 256 next 128
2023-11-22 15:57:30.432729: I tensorflow/core/common_runtime/bfc_allocator.cc:1066] InUse at 7f384c00fd00 of size 256 next 131
2023-11-22 15:57:30.432737: I tensorflow/core/common_runtime/bfc_allocator.cc:1066] InUse at 7f384c00fe00 of size 256 next 132
2023-11-22 15:57:30.432745: I tensorflow/core/common_runtime/bfc_allocator.cc:1066] Free  at 7f384c00ff00 of size 6400 next 47
2023-11-22 15:57:30.432754: I tensorflow/core/common_runtime/bfc_allocator.cc:1066] InUse at 7f384c011800 of size 256 next 211
2023-11-22 15:57:30.432762: I tensorflow/core/common_runtime/bfc_allocator.cc:1066] InUse at 7f384c011900 of size 256 next 340
2023-11-22 15:57:30.432771: I tensorflow/core/common_runtime/bfc_allocator.cc:1066] InUse at 7f384c011a00 of size 256 next 57
2023-11-22 15:57:30.432779: I tensorflow/core/common_runtime/bfc_allocator.cc:1066] InUse at 7f384c011b00 of size 256 next 46
2023-11-22 15:57:30.432787: I tensorflow/core/common_runtime/bfc_allocator.cc:1066] InUse at 7f384c011c00 of size 256 next 289
2023-11-22 15:57:30.432795: I tensorflow/core/common_runtime/bfc_allocator.cc:1066] InUse at 7f384c011d00 of size 256 next 282
2023-11-22 15:57:30.432804: I tensorflow/core/common_runtime/bfc_allocator.cc:1066] InUse at 7f384c011e00 of size 256 next 239
2023-11-22 15:57:30.432812: I tensorflow/core/common_runtime/bfc_allocator.cc:1066] InUse at 7f384c011f00 of size 256 next 54
2023-11-22 15:57:30.432820: I tensorflow/core/common_runtime/bfc_allocator.cc:1066] InUse at 7f384c012000 of size 256 next 7
2023-11-22 15:57:30.432829: I tensorflow/core/common_runtime/bfc_allocator.cc:1066] InUse at 7f384c012100 of size 256 next 17
2023-11-22 15:57:30.432837: I tensorflow/core/common_runtime/bfc_allocator.cc:1066] Free  at 7f384c012200 of size 9984 next 245
2023-11-22 15:57:30.432846: I tensorflow/core/common_runtime/bfc_allocator.cc:1066] InUse at 7f384c014900 of size 52992 next 45
2023-11-22 15:57:30.432854: I tensorflow/core/common_runtime/bfc_allocator.cc:1066] Free  at 7f384c021800 of size 103168 next 200
2023-11-22 15:57:30.432863: I tensorflow/core/common_runtime/bfc_allocator.cc:1066] InUse at 7f384c03ab00 of size 256 next 266
2023-11-22 15:57:30.432871: I tensorflow/core/common_runtime/bfc_allocator.cc:1066] InUse at 7f384c03ac00 of size 256 next 242
2023-11-22 15:57:30.432880: I tensorflow/core/common_runtime/bfc_allocator.cc:1066] InUse at 7f384c03ad00 of size 256 next 274
2023-11-22 15:57:30.432888: I tensorflow/core/common_runtime/bfc_allocator.cc:1066] InUse at 7f384c03ae00 of size 256 next 260
2023-11-22 15:57:30.432896: I tensorflow/core/common_runtime/bfc_allocator.cc:1066] InUse at 7f384c03af00 of size 1536 next 314
2023-11-22 15:57:30.432905: I tensorflow/core/common_runtime/bfc_allocator.cc:1066] InUse at 7f384c03b500 of size 256 next 207
2023-11-22 15:57:30.432913: I tensorflow/core/common_runtime/bfc_allocator.cc:1066] InUse at 7f384c03b600 of size 256 next 302
2023-11-22 15:57:30.432922: I tensorflow/core/common_runtime/bfc_allocator.cc:1066] InUse at 7f384c03b700 of size 4096 next 169
2023-11-22 15:57:30.432932: I tensorflow/core/common_runtime/bfc_allocator.cc:1066] InUse at 7f384c03c700 of size 4352 next 50
2023-11-22 15:57:30.432940: I tensorflow/core/common_runtime/bfc_allocator.cc:1066] InUse at 7f384c03d800 of size 16384 next 100
2023-11-22 15:57:30.432949: I tensorflow/core/common_runtime/bfc_allocator.cc:1066] InUse at 7f384c041800 of size 16384 next 102
2023-11-22 15:57:30.432957: I tensorflow/core/common_runtime/bfc_allocator.cc:1066] InUse at 7f384c045800 of size 16384 next 104
2023-11-22 15:57:30.432966: I tensorflow/core/common_runtime/bfc_allocator.cc:1066] InUse at 7f384c049800 of size 16384 next 56
2023-11-22 15:57:30.432974: I tensorflow/core/common_runtime/bfc_allocator.cc:1066] InUse at 7f384c04d800 of size 16384 next 332
2023-11-22 15:57:30.432986: I tensorflow/core/common_runtime/bfc_allocator.cc:1066] InUse at 7f384c051800 of size 42496 next 261
2023-11-22 15:57:30.432995: I tensorflow/core/common_runtime/bfc_allocator.cc:1066] InUse at 7f384c05be00 of size 256 next 52
2023-11-22 15:57:30.433003: I tensorflow/core/common_runtime/bfc_allocator.cc:1066] InUse at 7f384c05bf00 of size 1024 next 283
2023-11-22 15:57:30.433012: I tensorflow/core/common_runtime/bfc_allocator.cc:1066] InUse at 7f384c05c300 of size 5376 next 58
2023-11-22 15:57:30.433020: I tensorflow/core/common_runtime/bfc_allocator.cc:1066] InUse at 7f384c05d800 of size 201216 next 82
2023-11-22 15:57:30.433029: I tensorflow/core/common_runtime/bfc_allocator.cc:1066] InUse at 7f384c08ea00 of size 32768 next 108
2023-11-22 15:57:30.433037: I tensorflow/core/common_runtime/bfc_allocator.cc:1066] InUse at 7f384c096a00 of size 32768 next 110
2023-11-22 15:57:30.433046: I tensorflow/core/common_runtime/bfc_allocator.cc:1066] InUse at 7f384c09ea00 of size 16384 next 115
2023-11-22 15:57:30.433054: I tensorflow/core/common_runtime/bfc_allocator.cc:1066] InUse at 7f384c0a2a00 of size 16384 next 117
2023-11-22 15:57:30.433062: I tensorflow/core/common_runtime/bfc_allocator.cc:1066] InUse at 7f384c0a6a00 of size 16384 next 119
2023-11-22 15:57:30.433070: I tensorflow/core/common_runtime/bfc_allocator.cc:1066] InUse at 7f384c0aaa00 of size 32768 next 123
2023-11-22 15:57:30.433079: I tensorflow/core/common_runtime/bfc_allocator.cc:1066] InUse at 7f384c0b2a00 of size 32768 next 125
2023-11-22 15:57:30.433087: I tensorflow/core/common_runtime/bfc_allocator.cc:1066] InUse at 7f384c0baa00 of size 1024 next 130
2023-11-22 15:57:30.433095: I tensorflow/core/common_runtime/bfc_allocator.cc:1066] InUse at 7f384c0bae00 of size 256 next 151
2023-11-22 15:57:30.433104: I tensorflow/core/common_runtime/bfc_allocator.cc:1066] InUse at 7f384c0baf00 of size 256 next 229
2023-11-22 15:57:30.433112: I tensorflow/core/common_runtime/bfc_allocator.cc:1066] InUse at 7f384c0bb000 of size 256 next 153
2023-11-22 15:57:30.433121: I tensorflow/core/common_runtime/bfc_allocator.cc:1066] InUse at 7f384c0bb100 of size 256 next 154
2023-11-22 15:57:30.433129: I tensorflow/core/common_runtime/bfc_allocator.cc:1066] InUse at 7f384c0bb200 of size 256 next 159
2023-11-22 15:57:30.433138: I tensorflow/core/common_runtime/bfc_allocator.cc:1066] InUse at 7f384c0bb300 of size 256 next 163
2023-11-22 15:57:30.433146: I tensorflow/core/common_runtime/bfc_allocator.cc:1066] InUse at 7f384c0bb400 of size 256 next 157
2023-11-22 15:57:30.433154: I tensorflow/core/common_runtime/bfc_allocator.cc:1066] InUse at 7f384c0bb500 of size 256 next 161
2023-11-22 15:57:30.433163: I tensorflow/core/common_runtime/bfc_allocator.cc:1066] InUse at 7f384c0bb600 of size 512 next 137
2023-11-22 15:57:30.433171: I tensorflow/core/common_runtime/bfc_allocator.cc:1066] InUse at 7f384c0bb800 of size 256 next 138
2023-11-22 15:57:30.433179: I tensorflow/core/common_runtime/bfc_allocator.cc:1066] InUse at 7f384c0bb900 of size 256 next 139
2023-11-22 15:57:30.433188: I tensorflow/core/common_runtime/bfc_allocator.cc:1066] InUse at 7f384c0bba00 of size 256 next 140
2023-11-22 15:57:30.433197: I tensorflow/core/common_runtime/bfc_allocator.cc:1066] InUse at 7f384c0bbb00 of size 16640 next 142
2023-11-22 15:57:30.433206: I tensorflow/core/common_runtime/bfc_allocator.cc:1066] InUse at 7f384c0bfc00 of size 16640 next 144
2023-11-22 15:57:30.433215: I tensorflow/core/common_runtime/bfc_allocator.cc:1066] InUse at 7f384c0c3d00 of size 16640 next 146
2023-11-22 15:57:30.433224: I tensorflow/core/common_runtime/bfc_allocator.cc:1066] InUse at 7f384c0c7e00 of size 16640 next 148
2023-11-22 15:57:30.433233: I tensorflow/core/common_runtime/bfc_allocator.cc:1066] InUse at 7f384c0cbf00 of size 512 next 150
2023-11-22 15:57:30.433242: I tensorflow/core/common_runtime/bfc_allocator.cc:1066] InUse at 7f384c0cc100 of size 33280 next 152
2023-11-22 15:57:30.433251: I tensorflow/core/common_runtime/bfc_allocator.cc:1066] InUse at 7f384c0d4300 of size 16384 next 55
2023-11-22 15:57:30.433264: I tensorflow/core/common_runtime/bfc_allocator.cc:1066] Free  at 7f384c0d8300 of size 16896 next 155
2023-11-22 15:57:30.433273: I tensorflow/core/common_runtime/bfc_allocator.cc:1066] InUse at 7f384c0dc500 of size 256 next 156
2023-11-22 15:57:30.433281: I tensorflow/core/common_runtime/bfc_allocator.cc:1066] InUse at 7f384c0dc600 of size 16640 next 158
2023-11-22 15:57:30.433290: I tensorflow/core/common_runtime/bfc_allocator.cc:1066] InUse at 7f384c0e0700 of size 16640 next 160
2023-11-22 15:57:30.433298: I tensorflow/core/common_runtime/bfc_allocator.cc:1066] Free  at 7f384c0e4800 of size 16640 next 162
2023-11-22 15:57:30.433307: I tensorflow/core/common_runtime/bfc_allocator.cc:1066] InUse at 7f384c0e8900 of size 16640 next 164
2023-11-22 15:57:30.433315: I tensorflow/core/common_runtime/bfc_allocator.cc:1066] InUse at 7f384c0eca00 of size 256 next 165
2023-11-22 15:57:30.433324: I tensorflow/core/common_runtime/bfc_allocator.cc:1066] InUse at 7f384c0ecb00 of size 256 next 166
2023-11-22 15:57:30.433333: I tensorflow/core/common_runtime/bfc_allocator.cc:1066] Free  at 7f384c0ecc00 of size 56320 next 6
2023-11-22 15:57:30.433341: I tensorflow/core/common_runtime/bfc_allocator.cc:1066] InUse at 7f384c0fa800 of size 32768 next 149
2023-11-22 15:57:30.433350: I tensorflow/core/common_runtime/bfc_allocator.cc:1066] InUse at 7f384c102800 of size 32768 next 38
2023-11-22 15:57:30.433359: I tensorflow/core/common_runtime/bfc_allocator.cc:1066] InUse at 7f384c10a800 of size 32768 next 294
2023-11-22 15:57:30.433367: I tensorflow/core/common_runtime/bfc_allocator.cc:1066] InUse at 7f384c112800 of size 16384 next 291
2023-11-22 15:57:30.433376: I tensorflow/core/common_runtime/bfc_allocator.cc:1066] InUse at 7f384c116800 of size 16384 next 48
2023-11-22 15:57:30.433384: I tensorflow/core/common_runtime/bfc_allocator.cc:1066] InUse at 7f384c11a800 of size 16384 next 311
2023-11-22 15:57:30.433392: I tensorflow/core/common_runtime/bfc_allocator.cc:1066] InUse at 7f384c11e800 of size 16384 next 327
2023-11-22 15:57:30.433401: I tensorflow/core/common_runtime/bfc_allocator.cc:1066] InUse at 7f384c122800 of size 62464 next 39
2023-11-22 15:57:30.433410: I tensorflow/core/common_runtime/bfc_allocator.cc:1066] InUse at 7f384c131c00 of size 32768 next 312
2023-11-22 15:57:30.433418: I tensorflow/core/common_runtime/bfc_allocator.cc:1066] InUse at 7f384c139c00 of size 32768 next 353
2023-11-22 15:57:30.433428: I tensorflow/core/common_runtime/bfc_allocator.cc:1066] InUse at 7f384c141c00 of size 994304 next 91
2023-11-22 15:57:30.433437: I tensorflow/core/common_runtime/bfc_allocator.cc:1066] InUse at 7f384c234800 of size 262144 next 129
2023-11-22 15:57:30.433445: I tensorflow/core/common_runtime/bfc_allocator.cc:1066] InUse at 7f384c274800 of size 1323008 next 69
2023-11-22 15:57:30.433454: I tensorflow/core/common_runtime/bfc_allocator.cc:1066] InUse at 7f384c3b7800 of size 545536 next 307
2023-11-22 15:57:30.433462: I tensorflow/core/common_runtime/bfc_allocator.cc:1066] Free  at 7f384c43cb00 of size 32768 next 279
2023-11-22 15:57:30.433470: I tensorflow/core/common_runtime/bfc_allocator.cc:1066] InUse at 7f384c444b00 of size 470272 next 68
2023-11-22 15:57:30.433480: I tensorflow/core/common_runtime/bfc_allocator.cc:1066] InUse at 7f384c4b7800 of size 10059200000 next 80
2023-11-22 15:57:30.433488: I tensorflow/core/common_runtime/bfc_allocator.cc:1066] InUse at 7f3aa3deae00 of size 5029632 next 81
2023-11-22 15:57:30.433497: I tensorflow/core/common_runtime/bfc_allocator.cc:1066] InUse at 7f3aa42b6d00 of size 512000 next 133
2023-11-22 15:57:30.433505: I tensorflow/core/common_runtime/bfc_allocator.cc:1066] InUse at 7f3aa4333d00 of size 256 next 176
2023-11-22 15:57:30.433514: I tensorflow/core/common_runtime/bfc_allocator.cc:1066] InUse at 7f3aa4333e00 of size 256 next 167
2023-11-22 15:57:30.433522: I tensorflow/core/common_runtime/bfc_allocator.cc:1066] InUse at 7f3aa4333f00 of size 16384 next 224
2023-11-22 15:57:30.433532: I tensorflow/core/common_runtime/bfc_allocator.cc:1066] InUse at 7f3aa4337f00 of size 16896 next 170
2023-11-22 15:57:30.433545: I tensorflow/core/common_runtime/bfc_allocator.cc:1066] InUse at 7f3aa433c100 of size 256 next 171
2023-11-22 15:57:30.433554: I tensorflow/core/common_runtime/bfc_allocator.cc:1066] Free  at 7f3aa433c200 of size 1317120 next 177
2023-11-22 15:57:30.433562: I tensorflow/core/common_runtime/bfc_allocator.cc:1066] InUse at 7f3aa447db00 of size 256 next 178
2023-11-22 15:57:30.433570: I tensorflow/core/common_runtime/bfc_allocator.cc:1066] InUse at 7f3aa447dc00 of size 256 next 179
2023-11-22 15:57:30.433579: I tensorflow/core/common_runtime/bfc_allocator.cc:1066] InUse at 7f3aa447dd00 of size 256 next 180
2023-11-22 15:57:30.433587: I tensorflow/core/common_runtime/bfc_allocator.cc:1066] InUse at 7f3aa447de00 of size 256 next 181
2023-11-22 15:57:30.433596: I tensorflow/core/common_runtime/bfc_allocator.cc:1066] InUse at 7f3aa447df00 of size 256 next 182
2023-11-22 15:57:30.433604: I tensorflow/core/common_runtime/bfc_allocator.cc:1066] InUse at 7f3aa447e000 of size 256 next 183
2023-11-22 15:57:30.433612: I tensorflow/core/common_runtime/bfc_allocator.cc:1066] InUse at 7f3aa447e100 of size 256 next 184
2023-11-22 15:57:30.433621: I tensorflow/core/common_runtime/bfc_allocator.cc:1066] InUse at 7f3aa447e200 of size 256 next 185
2023-11-22 15:57:30.433629: I tensorflow/core/common_runtime/bfc_allocator.cc:1066] InUse at 7f3aa447e300 of size 256 next 186
2023-11-22 15:57:30.433638: I tensorflow/core/common_runtime/bfc_allocator.cc:1066] InUse at 7f3aa447e400 of size 256 next 187
2023-11-22 15:57:30.433647: I tensorflow/core/common_runtime/bfc_allocator.cc:1066] InUse at 7f3aa447e500 of size 256 next 188
2023-11-22 15:57:30.433655: I tensorflow/core/common_runtime/bfc_allocator.cc:1066] InUse at 7f3aa447e600 of size 256 next 189
2023-11-22 15:57:30.433664: I tensorflow/core/common_runtime/bfc_allocator.cc:1066] InUse at 7f3aa447e700 of size 256 next 190
2023-11-22 15:57:30.433672: I tensorflow/core/common_runtime/bfc_allocator.cc:1066] InUse at 7f3aa447e800 of size 256 next 191
2023-11-22 15:57:30.433680: I tensorflow/core/common_runtime/bfc_allocator.cc:1066] InUse at 7f3aa447e900 of size 256 next 192
2023-11-22 15:57:30.433689: I tensorflow/core/common_runtime/bfc_allocator.cc:1066] InUse at 7f3aa447ea00 of size 256 next 193
2023-11-22 15:57:30.433697: I tensorflow/core/common_runtime/bfc_allocator.cc:1066] InUse at 7f3aa447eb00 of size 256 next 194
2023-11-22 15:57:30.433706: I tensorflow/core/common_runtime/bfc_allocator.cc:1066] InUse at 7f3aa447ec00 of size 256 next 195
2023-11-22 15:57:30.433714: I tensorflow/core/common_runtime/bfc_allocator.cc:1066] InUse at 7f3aa447ed00 of size 256 next 196
2023-11-22 15:57:30.433723: I tensorflow/core/common_runtime/bfc_allocator.cc:1066] InUse at 7f3aa447ee00 of size 1999104 next 231
2023-11-22 15:57:30.433731: I tensorflow/core/common_runtime/bfc_allocator.cc:1066] InUse at 7f3aa4666f00 of size 256 next 232
2023-11-22 15:57:30.433739: I tensorflow/core/common_runtime/bfc_allocator.cc:1066] InUse at 7f3aa4667000 of size 512000 next 258
2023-11-22 15:57:30.433748: I tensorflow/core/common_runtime/bfc_allocator.cc:1066] InUse at 7f3aa46e4000 of size 1048576 next 172
2023-11-22 15:57:30.433756: I tensorflow/core/common_runtime/bfc_allocator.cc:1066] InUse at 7f3aa47e4000 of size 1048576 next 354
2023-11-22 15:57:30.433765: I tensorflow/core/common_runtime/bfc_allocator.cc:1066] Free  at 7f3aa48e4000 of size 6334720 next 253
2023-11-22 15:57:30.433773: I tensorflow/core/common_runtime/bfc_allocator.cc:1066] InUse at 7f3aa4eee900 of size 2515200000 next 42
2023-11-22 15:57:30.433782: I tensorflow/core/common_runtime/bfc_allocator.cc:1066] Free  at 7f3b3ad9d100 of size 2875141888 next 18446744073709551615
2023-11-22 15:57:30.433790: I tensorflow/core/common_runtime/bfc_allocator.cc:1071]      Summary of in-use Chunks by size: 
2023-11-22 15:57:30.433801: I tensorflow/core/common_runtime/bfc_allocator.cc:1074] 142 Chunks of size 256 totalling 35.5KiB
2023-11-22 15:57:30.433810: I tensorflow/core/common_runtime/bfc_allocator.cc:1074] 9 Chunks of size 512 totalling 4.5KiB
2023-11-22 15:57:30.433824: I tensorflow/core/common_runtime/bfc_allocator.cc:1074] 3 Chunks of size 1024 totalling 3.0KiB
2023-11-22 15:57:30.433833: I tensorflow/core/common_runtime/bfc_allocator.cc:1074] 2 Chunks of size 1280 totalling 2.5KiB
2023-11-22 15:57:30.433843: I tensorflow/core/common_runtime/bfc_allocator.cc:1074] 1 Chunks of size 1536 totalling 1.5KiB
2023-11-22 15:57:30.433852: I tensorflow/core/common_runtime/bfc_allocator.cc:1074] 1 Chunks of size 1792 totalling 1.8KiB
2023-11-22 15:57:30.433861: I tensorflow/core/common_runtime/bfc_allocator.cc:1074] 1 Chunks of size 4096 totalling 4.0KiB
2023-11-22 15:57:30.433870: I tensorflow/core/common_runtime/bfc_allocator.cc:1074] 1 Chunks of size 4352 totalling 4.2KiB
2023-11-22 15:57:30.433879: I tensorflow/core/common_runtime/bfc_allocator.cc:1074] 1 Chunks of size 5376 totalling 5.2KiB
2023-11-22 15:57:30.433888: I tensorflow/core/common_runtime/bfc_allocator.cc:1074] 15 Chunks of size 16384 totalling 240.0KiB
2023-11-22 15:57:30.433897: I tensorflow/core/common_runtime/bfc_allocator.cc:1074] 7 Chunks of size 16640 totalling 113.8KiB
2023-11-22 15:57:30.433906: I tensorflow/core/common_runtime/bfc_allocator.cc:1074] 1 Chunks of size 16896 totalling 16.5KiB
2023-11-22 15:57:30.433915: I tensorflow/core/common_runtime/bfc_allocator.cc:1074] 1 Chunks of size 17408 totalling 17.0KiB
2023-11-22 15:57:30.433924: I tensorflow/core/common_runtime/bfc_allocator.cc:1074] 9 Chunks of size 32768 totalling 288.0KiB
2023-11-22 15:57:30.433933: I tensorflow/core/common_runtime/bfc_allocator.cc:1074] 1 Chunks of size 33280 totalling 32.5KiB
2023-11-22 15:57:30.433942: I tensorflow/core/common_runtime/bfc_allocator.cc:1074] 1 Chunks of size 42496 totalling 41.5KiB
2023-11-22 15:57:30.433951: I tensorflow/core/common_runtime/bfc_allocator.cc:1074] 1 Chunks of size 52992 totalling 51.8KiB
2023-11-22 15:57:30.433960: I tensorflow/core/common_runtime/bfc_allocator.cc:1074] 1 Chunks of size 62464 totalling 61.0KiB
2023-11-22 15:57:30.433969: I tensorflow/core/common_runtime/bfc_allocator.cc:1074] 1 Chunks of size 201216 totalling 196.5KiB
2023-11-22 15:57:30.433978: I tensorflow/core/common_runtime/bfc_allocator.cc:1074] 1 Chunks of size 262144 totalling 256.0KiB
2023-11-22 15:57:30.433987: I tensorflow/core/common_runtime/bfc_allocator.cc:1074] 1 Chunks of size 470272 totalling 459.2KiB
2023-11-22 15:57:30.433996: I tensorflow/core/common_runtime/bfc_allocator.cc:1074] 2 Chunks of size 512000 totalling 1000.0KiB
2023-11-22 15:57:30.434005: I tensorflow/core/common_runtime/bfc_allocator.cc:1074] 1 Chunks of size 545536 totalling 532.8KiB
2023-11-22 15:57:30.434014: I tensorflow/core/common_runtime/bfc_allocator.cc:1074] 1 Chunks of size 994304 totalling 971.0KiB
2023-11-22 15:57:30.434023: I tensorflow/core/common_runtime/bfc_allocator.cc:1074] 2 Chunks of size 1048576 totalling 2.00MiB
2023-11-22 15:57:30.434032: I tensorflow/core/common_runtime/bfc_allocator.cc:1074] 1 Chunks of size 1323008 totalling 1.26MiB
2023-11-22 15:57:30.434040: I tensorflow/core/common_runtime/bfc_allocator.cc:1074] 1 Chunks of size 1999104 totalling 1.91MiB
2023-11-22 15:57:30.434049: I tensorflow/core/common_runtime/bfc_allocator.cc:1074] 1 Chunks of size 5029632 totalling 4.80MiB
2023-11-22 15:57:30.434058: I tensorflow/core/common_runtime/bfc_allocator.cc:1074] 1 Chunks of size 2515200000 totalling 2.34GiB
2023-11-22 15:57:30.434067: I tensorflow/core/common_runtime/bfc_allocator.cc:1074] 1 Chunks of size 10059200000 totalling 9.37GiB
2023-11-22 15:57:30.434076: I tensorflow/core/common_runtime/bfc_allocator.cc:1078] Sum Total of in-use chunks: 11.72GiB
2023-11-22 15:57:30.434085: I tensorflow/core/common_runtime/bfc_allocator.cc:1080] total_region_allocated_bytes_: 15472328704 memory_limit_: 15472328704 available bytes: 0 curr_region_allocation_bytes_: 30944657408
2023-11-22 15:57:30.434098: I tensorflow/core/common_runtime/bfc_allocator.cc:1086] Stats: 
Limit:                     15472328704
InUse:                     12589292800
MaxInUse:                  12607911424
NumAllocs:                    36816334
MaxAllocSize:              10059200000
Reserved:                            0
PeakReserved:                        0
LargestFreeBlock:                    0

2023-11-22 15:57:30.434116: W tensorflow/core/common_runtime/bfc_allocator.cc:474] **********************************************************************************__________________
Traceback (most recent call last):
  File "/mnt/md0/lei/CellSegmentation/transformer1.py", line 334, in <module>
    train()
  File "/mnt/md0/lei/CellSegmentation/transformer1.py", line 325, in train
    run_experiment(learning_rate, weight_decay,transformer_classifier,
  File "/mnt/md0/lei/CellSegmentation/transformer1.py", line 191, in run_experiment
    pred_binary_test_ = model.predict(x=[x_batch, x_test_pos_batch, x_test_labels_batch], batch_size=batch_size)
  File "/home/lei/miniconda3/envs/CS/lib/python3.9/site-packages/keras/utils/traceback_utils.py", line 67, in error_handler
    raise e.with_traceback(filtered_tb) from None
  File "/home/lei/miniconda3/envs/CS/lib/python3.9/site-packages/tensorflow/python/framework/constant_op.py", line 102, in convert_to_eager_tensor
    return ops.EagerTensor(value, ctx.device_name, dtype)
tensorflow.python.framework.errors_impl.InternalError: Failed copying input tensor from /job:localhost/replica:0/task:0/device:CPU:0 to /job:localhost/replica:0/task:0/device:GPU:0 in order to run _EagerConst: Dst tensor is not initialized.
第二个脚本已完成运行
/mnt/md0/lei/CellSegmentation/display.py:6: UserWarning: loadtxt: input contained no data: "results/spot_prediction_0:0:0:0.txt"
  data = np.loadtxt(file_path, delimiter='\t')
Traceback (most recent call last):
  File "/mnt/md0/lei/CellSegmentation/display.py", line 9, in <module>
    x = data[:, 0].astype(int)
IndexError: too many indices for array: array is 1-dimensional, but 2 were indexed
